Performing C SOURCE FILE Test CMAKE_HAVE_LIBC_PTHREAD failed with the following output:
Change Dir: /home/ignacio/Desktop/tp-sistemas-operativos2/build/CMakeFiles/CMakeTmp

Run Build Command(s):/usr/bin/make cmTC_86445/fast && /usr/bin/make -f CMakeFiles/cmTC_86445.dir/build.make CMakeFiles/cmTC_86445.dir/build
make[1]: Entering directory '/home/ignacio/Desktop/tp-sistemas-operativos2/build/CMakeFiles/CMakeTmp'
Building C object CMakeFiles/cmTC_86445.dir/src.c.o
/usr/bin/cc   -DCMAKE_HAVE_LIBC_PTHREAD   -o CMakeFiles/cmTC_86445.dir/src.c.o   -c /home/ignacio/Desktop/tp-sistemas-operativos2/build/CMakeFiles/CMakeTmp/src.c
Linking C executable cmTC_86445
/usr/bin/cmake -E cmake_link_script CMakeFiles/cmTC_86445.dir/link.txt --verbose=1
/usr/bin/cc  -DCMAKE_HAVE_LIBC_PTHREAD    CMakeFiles/cmTC_86445.dir/src.c.o  -o cmTC_86445 
/usr/bin/ld: CMakeFiles/cmTC_86445.dir/src.c.o: in function `main':
src.c:(.text+0x46): undefined reference to `pthread_create'
/usr/bin/ld: src.c:(.text+0x52): undefined reference to `pthread_detach'
/usr/bin/ld: src.c:(.text+0x63): undefined reference to `pthread_join'
collect2: error: ld returned 1 exit status
make[1]: *** [CMakeFiles/cmTC_86445.dir/build.make:87: cmTC_86445] Error 1
make[1]: Leaving directory '/home/ignacio/Desktop/tp-sistemas-operativos2/build/CMakeFiles/CMakeTmp'
make: *** [Makefile:121: cmTC_86445/fast] Error 2


Source file was:
#include <pthread.h>

void* test_func(void* data)
{
  return data;
}

int main(void)
{
  pthread_t thread;
  pthread_create(&thread, NULL, test_func, NULL);
  pthread_detach(thread);
  pthread_join(thread, NULL);
  pthread_atfork(NULL, NULL, NULL);
  pthread_exit(NULL);

  return 0;
}

Determining if the function pthread_create exists in the pthreads failed with the following output:
Change Dir: /home/ignacio/Desktop/tp-sistemas-operativos2/build/CMakeFiles/CMakeTmp

Run Build Command(s):/usr/bin/make cmTC_37704/fast && /usr/bin/make -f CMakeFiles/cmTC_37704.dir/build.make CMakeFiles/cmTC_37704.dir/build
make[1]: Entering directory '/home/ignacio/Desktop/tp-sistemas-operativos2/build/CMakeFiles/CMakeTmp'
Building C object CMakeFiles/cmTC_37704.dir/CheckFunctionExists.c.o
/usr/bin/cc   -DCHECK_FUNCTION_EXISTS=pthread_create   -o CMakeFiles/cmTC_37704.dir/CheckFunctionExists.c.o   -c /usr/share/cmake-3.16/Modules/CheckFunctionExists.c
Linking C executable cmTC_37704
/usr/bin/cmake -E cmake_link_script CMakeFiles/cmTC_37704.dir/link.txt --verbose=1
/usr/bin/cc  -DCHECK_FUNCTION_EXISTS=pthread_create    CMakeFiles/cmTC_37704.dir/CheckFunctionExists.c.o  -o cmTC_37704  -lpthreads 
/usr/bin/ld: cannot find -lpthreads
collect2: error: ld returned 1 exit status
make[1]: *** [CMakeFiles/cmTC_37704.dir/build.make:87: cmTC_37704] Error 1
make[1]: Leaving directory '/home/ignacio/Desktop/tp-sistemas-operativos2/build/CMakeFiles/CMakeTmp'
make: *** [Makefile:121: cmTC_37704/fast] Error 2



Performing C SOURCE FILE Test CMAKE_HAVE_LIBC_PTHREAD failed with the following output:
Change Dir: /home/ignacio/Desktop/tp-sistemas-operativos2/build/CMakeFiles/CMakeTmp

Run Build Command(s):/usr/bin/make cmTC_bd247/fast && /usr/bin/make -f CMakeFiles/cmTC_bd247.dir/build.make CMakeFiles/cmTC_bd247.dir/build
make[1]: Entering directory '/home/ignacio/Desktop/tp-sistemas-operativos2/build/CMakeFiles/CMakeTmp'
Building C object CMakeFiles/cmTC_bd247.dir/src.c.o
/usr/bin/cc   -DCMAKE_HAVE_LIBC_PTHREAD   -o CMakeFiles/cmTC_bd247.dir/src.c.o   -c /home/ignacio/Desktop/tp-sistemas-operativos2/build/CMakeFiles/CMakeTmp/src.c
Linking C executable cmTC_bd247
/usr/bin/cmake -E cmake_link_script CMakeFiles/cmTC_bd247.dir/link.txt --verbose=1
/usr/bin/cc  -DCMAKE_HAVE_LIBC_PTHREAD    CMakeFiles/cmTC_bd247.dir/src.c.o  -o cmTC_bd247 
/usr/bin/ld: CMakeFiles/cmTC_bd247.dir/src.c.o: in function `main':
src.c:(.text+0x46): undefined reference to `pthread_create'
/usr/bin/ld: src.c:(.text+0x52): undefined reference to `pthread_detach'
/usr/bin/ld: src.c:(.text+0x63): undefined reference to `pthread_join'
collect2: error: ld returned 1 exit status
make[1]: *** [CMakeFiles/cmTC_bd247.dir/build.make:87: cmTC_bd247] Error 1
make[1]: Leaving directory '/home/ignacio/Desktop/tp-sistemas-operativos2/build/CMakeFiles/CMakeTmp'
make: *** [Makefile:121: cmTC_bd247/fast] Error 2


Source file was:
#include <pthread.h>

void* test_func(void* data)
{
  return data;
}

int main(void)
{
  pthread_t thread;
  pthread_create(&thread, NULL, test_func, NULL);
  pthread_detach(thread);
  pthread_join(thread, NULL);
  pthread_atfork(NULL, NULL, NULL);
  pthread_exit(NULL);

  return 0;
}

Determining if the function pthread_create exists in the pthreads failed with the following output:
Change Dir: /home/ignacio/Desktop/tp-sistemas-operativos2/build/CMakeFiles/CMakeTmp

Run Build Command(s):/usr/bin/make cmTC_7149a/fast && /usr/bin/make -f CMakeFiles/cmTC_7149a.dir/build.make CMakeFiles/cmTC_7149a.dir/build
make[1]: Entering directory '/home/ignacio/Desktop/tp-sistemas-operativos2/build/CMakeFiles/CMakeTmp'
Building C object CMakeFiles/cmTC_7149a.dir/CheckFunctionExists.c.o
/usr/bin/cc   -DCHECK_FUNCTION_EXISTS=pthread_create   -o CMakeFiles/cmTC_7149a.dir/CheckFunctionExists.c.o   -c /usr/share/cmake-3.16/Modules/CheckFunctionExists.c
Linking C executable cmTC_7149a
/usr/bin/cmake -E cmake_link_script CMakeFiles/cmTC_7149a.dir/link.txt --verbose=1
/usr/bin/cc  -DCHECK_FUNCTION_EXISTS=pthread_create    CMakeFiles/cmTC_7149a.dir/CheckFunctionExists.c.o  -o cmTC_7149a  -lpthreads 
/usr/bin/ld: cannot find -lpthreads
collect2: error: ld returned 1 exit status
make[1]: *** [CMakeFiles/cmTC_7149a.dir/build.make:87: cmTC_7149a] Error 1
make[1]: Leaving directory '/home/ignacio/Desktop/tp-sistemas-operativos2/build/CMakeFiles/CMakeTmp'
make: *** [Makefile:121: cmTC_7149a/fast] Error 2



